<?xml version="1.0" encoding="UTF-8"?>
<!-- Generated by org.testng.reporters.JUnitReportReporter -->
<testsuite hostname="luminar003" failures="0" tests="1" name="pkg.Datepickerpgm2" time="10.567" errors="0" timestamp="2023-08-16T06:13:02 IST" skipped="0">
  <testcase classname="pkg.Datepickerpgm2" name="testlogin" time="10.567"/>
  <system-out/>
</testsuite> <!-- pkg.Datepickerpgm2 -->
