<?xml version="1.0" encoding="UTF-8"?>
<!-- Generated by org.testng.reporters.JUnitReportReporter -->
<testsuite hostname="luminar003" failures="0" tests="3" name="pkg.Testnggrouping" time="0.024" errors="0" timestamp="2024-07-19T11:47:16 IST" skipped="0">
  <testcase classname="pkg.Testnggrouping" name="main1" time="0.021"/>
  <system-out/>
  <testcase classname="pkg.Testnggrouping" name="main4" time="0.001"/>
  <system-out/>
  <testcase classname="pkg.Testnggrouping" name="main2" time="0.002"/>
  <system-out/>
</testsuite> <!-- pkg.Testnggrouping -->
