<?xml version="1.0" encoding="UTF-8"?>
<!-- Generated by org.testng.reporters.JUnitReportReporter -->
<testsuite hostname="luminar003" failures="0" tests="1" name="pkg.Rightdoubleclick" time="7.606" errors="0" timestamp="2023-07-14T14:29:32 IST" skipped="0">
  <testcase classname="pkg.Rightdoubleclick" name="test1" time="7.606"/>
  <system-out/>
</testsuite> <!-- pkg.Rightdoubleclick -->
