<?xml version="1.0" encoding="UTF-8"?>
<!-- Generated by org.testng.reporters.JUnitReportReporter -->
<testsuite hostname="luminar003" failures="0" tests="1" name="pkg.Scrolldown" time="6.787" errors="0" timestamp="2023-08-10T10:31:13 IST" skipped="0">
  <testcase classname="pkg.Scrolldown" name="test1" time="6.787"/>
  <system-out/>
</testsuite> <!-- pkg.Scrolldown -->
