<?xml version="1.0" encoding="UTF-8"?>
<!-- Generated by org.testng.reporters.JUnitReportReporter -->
<testsuite hostname="luminar003" failures="0" tests="1" name="pkg.Draganddrop" time="5.444" errors="0" timestamp="2023-08-08T11:16:50 IST" skipped="0">
  <testcase classname="pkg.Draganddrop" name="test1" time="5.444"/>
  <system-out/>
</testsuite> <!-- pkg.Draganddrop -->
