<?xml version="1.0" encoding="UTF-8"?>
<!-- Generated by org.testng.reporters.JUnitReportReporter -->
<testsuite hostname="luminar003" failures="0" tests="1" name="pkg.Datadriventest" time="15.732" errors="0" timestamp="2023-08-10T11:08:37 IST" skipped="0">
  <testcase classname="pkg.Datadriventest" name="main" time="15.732"/>
  <system-out/>
</testsuite> <!-- pkg.Datadriventest -->
