<?xml version="1.0" encoding="UTF-8"?>
<!-- Generated by org.testng.reporters.JUnitReportReporter -->
<testsuite hostname="luminar003" failures="0" tests="1" name="pkg.Rightclickpgm" time="4.032" errors="0" timestamp="2023-08-09T10:06:35 IST" skipped="0">
  <testcase classname="pkg.Rightclickpgm" name="test1" time="4.032"/>
  <system-out/>
</testsuite> <!-- pkg.Rightclickpgm -->
