<?xml version="1.0" encoding="UTF-8"?>
<!-- Generated by org.testng.reporters.JUnitReportReporter -->
<testsuite hostname="luminar003" failures="0" tests="1" name="pkg.Prameterdemo" time="0.024" errors="0" timestamp="2024-07-19T11:56:23 IST" skipped="0">
  <testcase classname="pkg.Prameterdemo" name="main" time="0.024"/>
  <system-out/>
</testsuite> <!-- pkg.Prameterdemo -->
