<?xml version="1.0" encoding="UTF-8"?>
<!-- Generated by org.testng.reporters.JUnitReportReporter -->
<testsuite hostname="luminar003" failures="0" tests="1" name="pkg.Mouseh" time="5.077" errors="0" timestamp="2023-08-09T11:29:33 IST" skipped="0">
  <testcase classname="pkg.Mouseh" name="test1" time="5.077"/>
  <system-out/>
</testsuite> <!-- pkg.Mouseh -->
