<?xml version="1.0" encoding="UTF-8"?>
<!-- Generated by org.testng.reporters.JUnitReportReporter -->
<testsuite hostname="luminar003" failures="0" tests="1" name="pkg.Datepickerpgm" time="10.415" errors="0" timestamp="2023-05-12T12:37:22 IST" skipped="0">
  <testcase classname="pkg.Datepickerpgm" name="testlogin" time="10.415"/>
  <system-out/>
</testsuite> <!-- pkg.Datepickerpgm -->
