<?xml version="1.0" encoding="UTF-8"?>
<!-- Generated by org.testng.reporters.JUnitReportReporter -->
<testsuite hostname="luminar003" failures="0" tests="1" name="pkg.Autoitpgm" time="1.723" errors="0" timestamp="2023-07-16T18:02:51 IST" skipped="0">
  <testcase classname="pkg.Autoitpgm" name="test1" time="1.723"/>
  <system-out/>
</testsuite> <!-- pkg.Autoitpgm -->
