<?xml version="1.0" encoding="UTF-8"?>
<!-- Generated by org.testng.reporters.JUnitReportReporter -->
<testsuite hostname="luminar003" failures="0" tests="4" name="pkg.Testngdemo" time="0.032" errors="0" timestamp="2024-07-18T12:27:33 IST" skipped="1">
  <testcase classname="pkg.Testngdemo" name="test3" time="0.002"/>
  <system-out/>
  <testcase classname="pkg.Testngdemo" name="test2" time="0.028"/>
  <system-out/>
  <testcase classname="pkg.Testngdemo" name="test2" time="0.002"/>
  <system-out/>
  <testcase classname="pkg.Testngdemo" name="test1">
    <skipped/>
  </testcase> <!-- test1 -->
  <system-out/>
</testsuite> <!-- pkg.Testngdemo -->
